<?xml version="1.0" encoding="UTF-8"?>
<testsuite xmlns:xsi="http://www.w3.org/2001/XMLSchema-instance" xsi:noNamespaceSchemaLocation="https://maven.apache.org/surefire/maven-surefire-plugin/xsd/surefire-test-report-3.0.xsd" version="3.0" name="TestTriangle" time="0.163" tests="24" errors="0" skipped="0" failures="0">
  <properties>
    <property name="java.specification.version" value="23"/>
    <property name="sun.cpu.isalist" value="amd64"/>
    <property name="sun.jnu.encoding" value="Cp1251"/>
    <property name="java.class.path" value="D:\test_maven\by.iba.triangle.charnenka\target\test-classes;D:\test_maven\by.iba.triangle.charnenka\target\classes;C:\Users\tanya\.m2\repository\junit\junit\4.13.2\junit-4.13.2.jar;C:\Users\tanya\.m2\repository\org\hamcrest\hamcrest-core\1.3\hamcrest-core-1.3.jar;C:\Users\tanya\.m2\repository\org\junit\jupiter\junit-jupiter\5.12.0-RC2\junit-jupiter-5.12.0-RC2.jar;C:\Users\tanya\.m2\repository\org\junit\jupiter\junit-jupiter-api\5.12.0-RC2\junit-jupiter-api-5.12.0-RC2.jar;C:\Users\tanya\.m2\repository\org\opentest4j\opentest4j\1.3.0\opentest4j-1.3.0.jar;C:\Users\tanya\.m2\repository\org\junit\platform\junit-platform-commons\1.12.0-RC2\junit-platform-commons-1.12.0-RC2.jar;C:\Users\tanya\.m2\repository\org\apiguardian\apiguardian-api\1.1.2\apiguardian-api-1.1.2.jar;C:\Users\tanya\.m2\repository\org\junit\jupiter\junit-jupiter-params\5.12.0-RC2\junit-jupiter-params-5.12.0-RC2.jar;C:\Users\tanya\.m2\repository\org\junit\jupiter\junit-jupiter-engine\5.12.0-RC2\junit-jupiter-engine-5.12.0-RC2.jar;C:\Users\tanya\.m2\repository\org\junit\platform\junit-platform-engine\1.12.0-RC2\junit-platform-engine-1.12.0-RC2.jar;"/>
    <property name="java.vm.vendor" value="Oracle Corporation"/>
    <property name="sun.arch.data.model" value="64"/>
    <property name="user.variant" value=""/>
    <property name="java.vendor.url" value="https://java.oracle.com/"/>
    <property name="user.timezone" value="Europe/Minsk"/>
    <property name="user.country.format" value="BY"/>
    <property name="os.name" value="Windows 11"/>
    <property name="java.vm.specification.version" value="23"/>
    <property name="sun.java.launcher" value="SUN_STANDARD"/>
    <property name="user.country" value="RU"/>
    <property name="sun.boot.library.path" value="D:\Program Files\JDK\bin"/>
    <property name="sun.java.command" value="C:\Users\tanya\AppData\Local\Temp\surefire12544130772915423139\surefirebooter-20250214170525085_3.jar C:\Users\tanya\AppData\Local\Temp\surefire12544130772915423139 2025-02-14T17-05-24_930-jvmRun1 surefire-20250214170525085_1tmp surefire_0-20250214170525085_2tmp"/>
    <property name="jdk.debug" value="release"/>
    <property name="surefire.test.class.path" value="D:\test_maven\by.iba.triangle.charnenka\target\test-classes;D:\test_maven\by.iba.triangle.charnenka\target\classes;C:\Users\tanya\.m2\repository\junit\junit\4.13.2\junit-4.13.2.jar;C:\Users\tanya\.m2\repository\org\hamcrest\hamcrest-core\1.3\hamcrest-core-1.3.jar;C:\Users\tanya\.m2\repository\org\junit\jupiter\junit-jupiter\5.12.0-RC2\junit-jupiter-5.12.0-RC2.jar;C:\Users\tanya\.m2\repository\org\junit\jupiter\junit-jupiter-api\5.12.0-RC2\junit-jupiter-api-5.12.0-RC2.jar;C:\Users\tanya\.m2\repository\org\opentest4j\opentest4j\1.3.0\opentest4j-1.3.0.jar;C:\Users\tanya\.m2\repository\org\junit\platform\junit-platform-commons\1.12.0-RC2\junit-platform-commons-1.12.0-RC2.jar;C:\Users\tanya\.m2\repository\org\apiguardian\apiguardian-api\1.1.2\apiguardian-api-1.1.2.jar;C:\Users\tanya\.m2\repository\org\junit\jupiter\junit-jupiter-params\5.12.0-RC2\junit-jupiter-params-5.12.0-RC2.jar;C:\Users\tanya\.m2\repository\org\junit\jupiter\junit-jupiter-engine\5.12.0-RC2\junit-jupiter-engine-5.12.0-RC2.jar;C:\Users\tanya\.m2\repository\org\junit\platform\junit-platform-engine\1.12.0-RC2\junit-platform-engine-1.12.0-RC2.jar;"/>
    <property name="sun.cpu.endian" value="little"/>
    <property name="user.home" value="C:\Users\tanya"/>
    <property name="user.language" value="ru"/>
    <property name="java.specification.vendor" value="Oracle Corporation"/>
    <property name="java.version.date" value="2024-09-17"/>
    <property name="java.home" value="D:\Program Files\JDK"/>
    <property name="file.separator" value="\"/>
    <property name="basedir" value="D:\test_maven\by.iba.triangle.charnenka"/>
    <property name="java.vm.compressedOopsMode" value="Zero based"/>
    <property name="line.separator" value="&#10;"/>
    <property name="java.vm.specification.vendor" value="Oracle Corporation"/>
    <property name="java.specification.name" value="Java Platform API Specification"/>
    <property name="surefire.real.class.path" value="C:\Users\tanya\AppData\Local\Temp\surefire12544130772915423139\surefirebooter-20250214170525085_3.jar"/>
    <property name="user.script" value=""/>
    <property name="sun.management.compiler" value="HotSpot 64-Bit Tiered Compilers"/>
    <property name="java.runtime.version" value="23+37-2369"/>
    <property name="user.name" value="tanya"/>
    <property name="stdout.encoding" value="Cp1251"/>
    <property name="path.separator" value=";"/>
    <property name="os.version" value="10.0"/>
    <property name="java.runtime.name" value="Java(TM) SE Runtime Environment"/>
    <property name="file.encoding" value="UTF-8"/>
    <property name="java.vm.name" value="Java HotSpot(TM) 64-Bit Server VM"/>
    <property name="localRepository" value="C:\Users\tanya\.m2\repository"/>
    <property name="java.vendor.url.bug" value="https://bugreport.java.com/bugreport/"/>
    <property name="java.io.tmpdir" value="C:\Users\tanya\AppData\Local\Temp\"/>
    <property name="idea.version" value="2024.2.3"/>
    <property name="java.version" value="23"/>
    <property name="user.dir" value="D:\test_maven\by.iba.triangle.charnenka"/>
    <property name="os.arch" value="amd64"/>
    <property name="java.vm.specification.name" value="Java Virtual Machine Specification"/>
    <property name="sun.os.patch.level" value=""/>
    <property name="native.encoding" value="Cp1251"/>
    <property name="java.library.path" value="D:\Program Files\JDK\bin;C:\WINDOWS\Sun\Java\bin;C:\WINDOWS\system32;C:\WINDOWS;%M2%;D:\Program Files\Java\jdk-19\bin;D:\Program Files\Git\cmd;C:\apache-maven-3.9.9\bin;."/>
    <property name="java.vm.info" value="mixed mode, sharing"/>
    <property name="stderr.encoding" value="Cp1251"/>
    <property name="java.vendor" value="Oracle Corporation"/>
    <property name="java.vm.version" value="23+37-2369"/>
    <property name="sun.io.unicode.encoding" value="UnicodeLittle"/>
    <property name="java.class.version" value="67.0"/>
  </properties>
  <testcase name="testIsTriangle(int, int, int, boolean)[1]" classname="TestTriangle" time="0.05"/>
  <testcase name="testIsTriangle(int, int, int, boolean)[2]" classname="TestTriangle" time="0.001"/>
  <testcase name="testIsTriangle(int, int, int, boolean)[3]" classname="TestTriangle" time="0.0"/>
  <testcase name="testIsTriangle(int, int, int, boolean)[4]" classname="TestTriangle" time="0.002"/>
  <testcase name="testIsTriangle(int, int, int, boolean)[5]" classname="TestTriangle" time="0.001"/>
  <testcase name="testIsTriangle(int, int, int, boolean)[6]" classname="TestTriangle" time="0.001"/>
  <testcase name="testIsTriangle(int, int, int, boolean)[7]" classname="TestTriangle" time="0.001"/>
  <testcase name="testIsTriangle(int, int, int, boolean)[8]" classname="TestTriangle" time="0.001"/>
  <testcase name="testIsTriangle(int, int, int, boolean)[9]" classname="TestTriangle" time="0.0"/>
  <testcase name="testIsEquilateralTriangle(int, int, int, boolean)[1]" classname="TestTriangle" time="0.001"/>
  <testcase name="testIsEquilateralTriangle(int, int, int, boolean)[2]" classname="TestTriangle" time="0.001"/>
  <testcase name="testIsEquilateralTriangle(int, int, int, boolean)[3]" classname="TestTriangle" time="0.001"/>
  <testcase name="testIsEquilateralTriangle(int, int, int, boolean)[4]" classname="TestTriangle" time="0.001"/>
  <testcase name="testIsEquilateralTriangle(int, int, int, boolean)[5]" classname="TestTriangle" time="0.001"/>
  <testcase name="testIsEquilateralTriangle(int, int, int, boolean)[6]" classname="TestTriangle" time="0.001"/>
  <testcase name="testIsIsoscelesTriangle(int, int, int, boolean)[1]" classname="TestTriangle" time="0.0"/>
  <testcase name="testIsIsoscelesTriangle(int, int, int, boolean)[2]" classname="TestTriangle" time="0.001"/>
  <testcase name="testIsIsoscelesTriangle(int, int, int, boolean)[3]" classname="TestTriangle" time="0.001"/>
  <testcase name="testIsIsoscelesTriangle(int, int, int, boolean)[4]" classname="TestTriangle" time="0.001"/>
  <testcase name="testIsIsoscelesTriangle(int, int, int, boolean)[5]" classname="TestTriangle" time="0.0"/>
  <testcase name="testIsIsoscelesTriangle(int, int, int, boolean)[6]" classname="TestTriangle" time="0.001"/>
  <testcase name="testIsIsoscelesTriangle(int, int, int, boolean)[7]" classname="TestTriangle" time="0.001"/>
  <testcase name="testIsIsoscelesTriangle(int, int, int, boolean)[8]" classname="TestTriangle" time="0.001"/>
  <testcase name="testIsIsoscelesTriangle(int, int, int, boolean)[9]" classname="TestTriangle" time="0.001"/>
</testsuite>